<?xml version="1.0" encoding="UTF-8"?>
<!-- Generated by org.testng.reporters.JUnitXMLReporter -->
<testsuite hostname="LAPTOP-UM7TTE4S" ignored="0" name="Test" tests="4" failures="1" timestamp="20 Apr 2024 07:41:25 GMT" time="3.038" errors="0">
  <testcase name="test01" time="2.736" classname="com.test.LoginTest">
    <failure type="java.lang.AssertionError" message="expected [JavaByKiran | Dashboard1] but found [JavaByKiran | Dashboard]">
      <![CDATA[java.lang.AssertionError: expected [JavaByKiran | Dashboard1] but found [JavaByKiran | Dashboard]at com.test.LoginTest.test01(LoginTest.java:31)... Removed 31 stack frames]]>
    </failure>
  </testcase> <!-- test01 -->
  <testcase name="test02" time="0.105" classname="com.test.LoginTest"/>
  <testcase name="test03" time="0.001" classname="com.test.LoginTest">
    <skipped/>
  </testcase> <!-- test03 -->
  <testcase name="test04" time="0.001" classname="com.test.LoginTest">
    <skipped/>
  </testcase> <!-- test04 -->
</testsuite> <!-- Test -->
